  Camera.cpp
  Main.cpp
  Shader.cpp
D:\Documents\GitHub\MyLittleMoteur\MyLittleMoteur\Main.cpp(288,27): warning C4244: '=' : conversion de 'double' en 'T', perte possible de données
D:\Documents\GitHub\MyLittleMoteur\MyLittleMoteur\Main.cpp(288,27): warning C4244:         with
D:\Documents\GitHub\MyLittleMoteur\MyLittleMoteur\Main.cpp(288,27): warning C4244:         [
D:\Documents\GitHub\MyLittleMoteur\MyLittleMoteur\Main.cpp(288,27): warning C4244:             T=float
D:\Documents\GitHub\MyLittleMoteur\MyLittleMoteur\Main.cpp(288,27): warning C4244:         ]
D:\Documents\GitHub\MyLittleMoteur\MyLittleMoteur\Main.cpp(289,27): warning C4244: '=' : conversion de 'double' en 'T', perte possible de données
D:\Documents\GitHub\MyLittleMoteur\MyLittleMoteur\Main.cpp(289,27): warning C4244:         with
D:\Documents\GitHub\MyLittleMoteur\MyLittleMoteur\Main.cpp(289,27): warning C4244:         [
D:\Documents\GitHub\MyLittleMoteur\MyLittleMoteur\Main.cpp(289,27): warning C4244:             T=float
D:\Documents\GitHub\MyLittleMoteur\MyLittleMoteur\Main.cpp(289,27): warning C4244:         ]
D:\Documents\GitHub\MyLittleMoteur\MyLittleMoteur\Main.cpp(290,27): warning C4244: '=' : conversion de 'double' en 'T', perte possible de données
D:\Documents\GitHub\MyLittleMoteur\MyLittleMoteur\Main.cpp(290,27): warning C4244:         with
D:\Documents\GitHub\MyLittleMoteur\MyLittleMoteur\Main.cpp(290,27): warning C4244:         [
D:\Documents\GitHub\MyLittleMoteur\MyLittleMoteur\Main.cpp(290,27): warning C4244:             T=float
D:\Documents\GitHub\MyLittleMoteur\MyLittleMoteur\Main.cpp(290,27): warning C4244:         ]
  stb_image.cpp
  Génération de code en cours...
  glad.c
LINK : warning LNK4098: conflit entre la bibliothèque par défaut 'MSVCRT' et les autres bibliothèques ; utilisez /NODEFAULTLIB:library
  MyLittleMoteur.vcxproj -> D:\Documents\GitHub\MyLittleMoteur\x64\Debug\MyLittleMoteur.exe
